Using pre-set license
Built from '2020.3/staging' branch; Version is '2020.3.9f1 (108be757e447) revision 1084391'; Using compiler version '192528614'; Build Type 'Release'
OS: 'Windows 10 Pro; OS build 19042.985; Version 2009; 64bit' Language: 'en' Physical Memory: 16332 MB
BatchMode: 1, IsHumanControllingUs: 0, StartBugReporterOnCrash: 0, Is64bit: 1, IsPro: 0

 COMMAND LINE ARGUMENTS:
C:\Program Files\Unity\Hub\Editor\2020.3.9f1\Editor\Unity.exe
-adb2
-batchMode
-noUpm
-name
AssetImportWorker0
-projectPath
C:/Users/Juan/source/repos/BaseDatos/JuanRodriguezGiles_Parcial02/Platformer
-logFile
Logs/AssetImportWorker0.log
-srvPort
5292
Successfully changed project path to: C:/Users/Juan/source/repos/BaseDatos/JuanRodriguezGiles_Parcial02/Platformer
C:/Users/Juan/source/repos/BaseDatos/JuanRodriguezGiles_Parcial02/Platformer
Using Asset Import Pipeline V2.
Refreshing native plugins compatible for Editor in 19.34 ms, found 0 plugins.
Preloading 0 native plugins for Editor in 0.00 ms.
Initialize engine version: 2020.3.9f1 (108be757e447)
[Subsystems] Discovering subsystems at path C:/Program Files/Unity/Hub/Editor/2020.3.9f1/Editor/Data/Resources/UnitySubsystems
[Subsystems] Discovering subsystems at path C:/Users/Juan/source/repos/BaseDatos/JuanRodriguezGiles_Parcial02/Platformer/Assets
GfxDevice: creating device client; threaded=0
Direct3D:
    Version:  Direct3D 11.0 [level 11.1]
    Renderer: NVIDIA GeForce RTX 2070 SUPER (ID=0x1e84)
    Vendor:   
    VRAM:     8011 MB
    Driver:   27.21.14.6172
Initialize mono
Mono path[0] = 'C:/Program Files/Unity/Hub/Editor/2020.3.9f1/Editor/Data/Managed'
Mono path[1] = 'C:/Program Files/Unity/Hub/Editor/2020.3.9f1/Editor/Data/MonoBleedingEdge/lib/mono/unityjit'
Mono config path = 'C:/Program Files/Unity/Hub/Editor/2020.3.9f1/Editor/Data/MonoBleedingEdge/etc'
Using monoOptions --debugger-agent=transport=dt_socket,embedding=1,server=y,suspend=n,address=127.0.0.1:56688
Begin MonoManager ReloadAssembly
Registering precompiled unity dll's ...
Register platform support module: C:/Program Files/Unity/Hub/Editor/2020.3.9f1/Editor/Data/PlaybackEngines/WindowsStandaloneSupport/UnityEditor.WindowsStandalone.Extensions.dll
Registered in 0.001530 seconds.
Native extension for WindowsStandalone target not found
Refreshing native plugins compatible for Editor in 19.47 ms, found 0 plugins.
Preloading 0 native plugins for Editor in 0.00 ms.
Mono: successfully reloaded assembly
- Completed reload, in  0.798 seconds
Platform modules already initialized, skipping
Registering precompiled user dll's ...
Registered in 0.000473 seconds.
Begin MonoManager ReloadAssembly
Native extension for WindowsStandalone target not found
Refreshing native plugins compatible for Editor in 0.21 ms, found 0 plugins.
Preloading 0 native plugins for Editor in 0.00 ms.
Mono: successfully reloaded assembly
- Completed reload, in  0.657 seconds
Platform modules already initialized, skipping
========================================================================
Worker process is ready to serve import requests
Launched and connected shader compiler UnityShaderCompiler.exe after 0.07 seconds
Refreshing native plugins compatible for Editor in 0.18 ms, found 0 plugins.
Preloading 0 native plugins for Editor in 0.00 ms.
Unloading 1123 Unused Serialized files (Serialized files now loaded: 0)
System memory in use before: 57.7 MB.
System memory in use after: 57.8 MB.

Unloading 10 unused Assets to reduce memory usage. Loaded Objects now: 1565.
Total: 1.422200 ms (FindLiveObjects: 0.154400 ms CreateObjectMapping: 0.025200 ms MarkObjects: 1.179000 ms  DeleteObjects: 0.062300 ms)

========================================================================
Received Prepare
Registering precompiled user dll's ...
Registered in 0.000431 seconds.
Begin MonoManager ReloadAssembly
Native extension for WindowsStandalone target not found
Refreshing native plugins compatible for Editor in 0.18 ms, found 0 plugins.
Preloading 0 native plugins for Editor in 0.00 ms.
Mono: successfully reloaded assembly
- Completed reload, in  0.608 seconds
Platform modules already initialized, skipping
Refreshing native plugins compatible for Editor in 0.18 ms, found 0 plugins.
Preloading 0 native plugins for Editor in 0.00 ms.
Unloading 1118 Unused Serialized files (Serialized files now loaded: 0)
System memory in use before: 57.6 MB.
System memory in use after: 57.7 MB.

Unloading 5 unused Assets to reduce memory usage. Loaded Objects now: 1568.
Total: 1.220300 ms (FindLiveObjects: 0.092000 ms CreateObjectMapping: 0.023700 ms MarkObjects: 1.064200 ms  DeleteObjects: 0.039400 ms)

========================================================================
Received Import Request.
  path: Assets/Scripts/LevelCreator.cs
  artifactKey: Guid(bcfdb852646aa2544bfa97345c49d3a1) Importer(815301076,1909f56bfc062723c751e8b465ee728b)
Start importing Assets/Scripts/LevelCreator.cs using Guid(bcfdb852646aa2544bfa97345c49d3a1) Importer(815301076,1909f56bfc062723c751e8b465ee728b)  -> (artifact id: 'a251d2844338c363142cfc1770759a0c') in 0.019237 seconds
  Import took 0.020962 seconds .

========================================================================
Received Prepare
Registering precompiled user dll's ...
Registered in 0.000494 seconds.
Begin MonoManager ReloadAssembly
Native extension for WindowsStandalone target not found
Refreshing native plugins compatible for Editor in 0.29 ms, found 0 plugins.
Preloading 0 native plugins for Editor in 0.00 ms.
Mono: successfully reloaded assembly
- Completed reload, in  0.677 seconds
Platform modules already initialized, skipping
Refreshing native plugins compatible for Editor in 0.18 ms, found 0 plugins.
Preloading 0 native plugins for Editor in 0.00 ms.
Unloading 1118 Unused Serialized files (Serialized files now loaded: 0)
System memory in use before: 57.7 MB.
System memory in use after: 57.8 MB.

Unloading 5 unused Assets to reduce memory usage. Loaded Objects now: 1571.
Total: 1.268600 ms (FindLiveObjects: 0.123700 ms CreateObjectMapping: 0.025000 ms MarkObjects: 1.076700 ms  DeleteObjects: 0.042000 ms)

========================================================================
Received Import Request.
  Time since last request: 31.409605 seconds.
  path: Assets/Scripts/LevelCreator.cs
  artifactKey: Guid(bcfdb852646aa2544bfa97345c49d3a1) Importer(815301076,1909f56bfc062723c751e8b465ee728b)
Start importing Assets/Scripts/LevelCreator.cs using Guid(bcfdb852646aa2544bfa97345c49d3a1) Importer(815301076,1909f56bfc062723c751e8b465ee728b)  -> (artifact id: 'de6b49dcaa2846a67444931818a26840') in 0.004061 seconds
  Import took 0.005576 seconds .

========================================================================
Received Import Request.
  Time since last request: 11.271781 seconds.
  path: Assets/Prefabs/First person controller/Audio/Steps.mp3
  artifactKey: Guid(4b20d5e4b92e3d342ac1ff8d54b8ff83) Importer(815301076,1909f56bfc062723c751e8b465ee728b)
Start importing Assets/Prefabs/First person controller/Audio/Steps.mp3 using Guid(4b20d5e4b92e3d342ac1ff8d54b8ff83) Importer(815301076,1909f56bfc062723c751e8b465ee728b)  -> (artifact id: '9ca8120330ad802db12d99be2b952608') in 0.065231 seconds
  Import took 0.067346 seconds .

========================================================================
Received Import Request.
  Time since last request: 37.237721 seconds.
  path: Assets/Prefabs/First person controller/First person controller full.prefab
  artifactKey: Guid(11aaea5348574644a9eb4f4504fcce3f) Importer(815301076,1909f56bfc062723c751e8b465ee728b)
Start importing Assets/Prefabs/First person controller/First person controller full.prefab using Guid(11aaea5348574644a9eb4f4504fcce3f) Importer(815301076,1909f56bfc062723c751e8b465ee728b)  -> (artifact id: '791e9a7b463420099c05ff50cda432cf') in 0.040035 seconds
  Import took 0.041875 seconds .

========================================================================
Received Import Request.
  Time since last request: 2.473154 seconds.
  path: Assets/Prefabs/First person controller/First person controller full.prefab
  artifactKey: Guid(11aaea5348574644a9eb4f4504fcce3f) Importer(815301076,1909f56bfc062723c751e8b465ee728b)
Start importing Assets/Prefabs/First person controller/First person controller full.prefab using Guid(11aaea5348574644a9eb4f4504fcce3f) Importer(815301076,1909f56bfc062723c751e8b465ee728b)  -> (artifact id: '9a804e20d874b59be97473f3624ea349') in 0.011581 seconds
  Import took 0.013601 seconds .

========================================================================
Received Import Request.
  Time since last request: 0.001667 seconds.
  path: Assets/Prefabs/First person controller/First person controller full.prefab
  artifactKey: Guid(11aaea5348574644a9eb4f4504fcce3f) Importer(815301076,1909f56bfc062723c751e8b465ee728b)
Start importing Assets/Prefabs/First person controller/First person controller full.prefab using Guid(11aaea5348574644a9eb4f4504fcce3f) Importer(815301076,1909f56bfc062723c751e8b465ee728b)  -> (artifact id: '9a804e20d874b59be97473f3624ea349') in 0.010849 seconds
  Import took 0.013187 seconds .

========================================================================
Received Import Request.
  Time since last request: 2.857928 seconds.
  path: Assets/Prefabs/First person controller/First person controller full.prefab
  artifactKey: Guid(11aaea5348574644a9eb4f4504fcce3f) Importer(815301076,1909f56bfc062723c751e8b465ee728b)
Start importing Assets/Prefabs/First person controller/First person controller full.prefab using Guid(11aaea5348574644a9eb4f4504fcce3f) Importer(815301076,1909f56bfc062723c751e8b465ee728b)  -> (artifact id: 'da800e84c5cffb93d4184dfed77c4670') in 0.012824 seconds
  Import took 0.014708 seconds .

========================================================================
Received Prepare
Registering precompiled user dll's ...
Registered in 0.000512 seconds.
Begin MonoManager ReloadAssembly
Native extension for WindowsStandalone target not found
Refreshing native plugins compatible for Editor in 0.19 ms, found 0 plugins.
Preloading 0 native plugins for Editor in 0.00 ms.
Mono: successfully reloaded assembly
- Completed reload, in  0.605 seconds
Platform modules already initialized, skipping
Refreshing native plugins compatible for Editor in 0.18 ms, found 0 plugins.
Preloading 0 native plugins for Editor in 0.00 ms.
Unloading 1118 Unused Serialized files (Serialized files now loaded: 0)
System memory in use before: 60.9 MB.
System memory in use after: 61.0 MB.

Unloading 6 unused Assets to reduce memory usage. Loaded Objects now: 1584.
Total: 1.279300 ms (FindLiveObjects: 0.116600 ms CreateObjectMapping: 0.025100 ms MarkObjects: 1.086700 ms  DeleteObjects: 0.050000 ms)

========================================================================
Received Import Request.
  Time since last request: 141.052674 seconds.
  path: Assets/Prefabs/Cube.prefab
  artifactKey: Guid(48c2c4908ad29e74a947f9ea6eb99c93) Importer(815301076,1909f56bfc062723c751e8b465ee728b)
Start importing Assets/Prefabs/Cube.prefab using Guid(48c2c4908ad29e74a947f9ea6eb99c93) Importer(815301076,1909f56bfc062723c751e8b465ee728b)  -> (artifact id: '8e22c6b18b71eefa61c31d08a6fdf649') in 0.051785 seconds
  Import took 0.053508 seconds .

========================================================================
Received Import Request.
  Time since last request: 6.535908 seconds.
  path: Assets/Prefabs/Platform.prefab
  artifactKey: Guid(48c2c4908ad29e74a947f9ea6eb99c93) Importer(815301076,1909f56bfc062723c751e8b465ee728b)
Start importing Assets/Prefabs/Platform.prefab using Guid(48c2c4908ad29e74a947f9ea6eb99c93) Importer(815301076,1909f56bfc062723c751e8b465ee728b)  -> (artifact id: '2de5ff6b9d673bb55ac17c930ad73b2a') in 0.012535 seconds
  Import took 0.014246 seconds .

========================================================================
Received Import Request.
  Time since last request: 0.000795 seconds.
  path: Assets/Prefabs/Platform.prefab
  artifactKey: Guid(48c2c4908ad29e74a947f9ea6eb99c93) Importer(815301076,1909f56bfc062723c751e8b465ee728b)
Start importing Assets/Prefabs/Platform.prefab using Guid(48c2c4908ad29e74a947f9ea6eb99c93) Importer(815301076,1909f56bfc062723c751e8b465ee728b)  -> (artifact id: '2de5ff6b9d673bb55ac17c930ad73b2a') in 0.017487 seconds
  Import took 0.019224 seconds .

========================================================================
Received Prepare
Registering precompiled user dll's ...
Registered in 0.000736 seconds.
Begin MonoManager ReloadAssembly
Native extension for WindowsStandalone target not found
Refreshing native plugins compatible for Editor in 0.18 ms, found 0 plugins.
Preloading 0 native plugins for Editor in 0.00 ms.
Mono: successfully reloaded assembly
- Completed reload, in  0.604 seconds
Platform modules already initialized, skipping
Refreshing native plugins compatible for Editor in 0.18 ms, found 0 plugins.
Preloading 0 native plugins for Editor in 0.00 ms.
Unloading 1118 Unused Serialized files (Serialized files now loaded: 0)
System memory in use before: 60.9 MB.
System memory in use after: 61.0 MB.

Unloading 6 unused Assets to reduce memory usage. Loaded Objects now: 1589.
Total: 1.265700 ms (FindLiveObjects: 0.105400 ms CreateObjectMapping: 0.023800 ms MarkObjects: 1.090700 ms  DeleteObjects: 0.044900 ms)

========================================================================
Received Prepare
Registering precompiled user dll's ...
Registered in 0.000503 seconds.
Begin MonoManager ReloadAssembly
Native extension for WindowsStandalone target not found
Refreshing native plugins compatible for Editor in 0.19 ms, found 0 plugins.
Preloading 0 native plugins for Editor in 0.00 ms.
Mono: successfully reloaded assembly
- Completed reload, in  0.610 seconds
Platform modules already initialized, skipping
Refreshing native plugins compatible for Editor in 0.20 ms, found 0 plugins.
Preloading 0 native plugins for Editor in 0.00 ms.
Unloading 1118 Unused Serialized files (Serialized files now loaded: 0)
System memory in use before: 60.9 MB.
System memory in use after: 61.0 MB.

Unloading 5 unused Assets to reduce memory usage. Loaded Objects now: 1592.
Total: 1.278500 ms (FindLiveObjects: 0.123000 ms CreateObjectMapping: 0.023500 ms MarkObjects: 1.087000 ms  DeleteObjects: 0.043900 ms)

========================================================================
Received Prepare
Registering precompiled user dll's ...
Registered in 0.000402 seconds.
Begin MonoManager ReloadAssembly
Native extension for WindowsStandalone target not found
Refreshing native plugins compatible for Editor in 0.19 ms, found 0 plugins.
Preloading 0 native plugins for Editor in 0.00 ms.
Mono: successfully reloaded assembly
- Completed reload, in  0.640 seconds
Platform modules already initialized, skipping
Refreshing native plugins compatible for Editor in 0.19 ms, found 0 plugins.
Preloading 0 native plugins for Editor in 0.00 ms.
Unloading 1118 Unused Serialized files (Serialized files now loaded: 0)
System memory in use before: 61.0 MB.
System memory in use after: 61.0 MB.

Unloading 5 unused Assets to reduce memory usage. Loaded Objects now: 1595.
Total: 1.465600 ms (FindLiveObjects: 0.125200 ms CreateObjectMapping: 0.026900 ms MarkObjects: 1.265700 ms  DeleteObjects: 0.046600 ms)

========================================================================
Received Prepare
Registering precompiled user dll's ...
Registered in 0.000526 seconds.
Begin MonoManager ReloadAssembly
Native extension for WindowsStandalone target not found
Refreshing native plugins compatible for Editor in 0.18 ms, found 0 plugins.
Preloading 0 native plugins for Editor in 0.00 ms.
Mono: successfully reloaded assembly
- Completed reload, in  0.618 seconds
Platform modules already initialized, skipping
Refreshing native plugins compatible for Editor in 0.18 ms, found 0 plugins.
Preloading 0 native plugins for Editor in 0.00 ms.
Unloading 1118 Unused Serialized files (Serialized files now loaded: 0)
System memory in use before: 61.0 MB.
System memory in use after: 61.0 MB.

Unloading 5 unused Assets to reduce memory usage. Loaded Objects now: 1598.
Total: 1.250600 ms (FindLiveObjects: 0.120900 ms CreateObjectMapping: 0.023400 ms MarkObjects: 1.068800 ms  DeleteObjects: 0.036800 ms)

========================================================================
Received Prepare
Registering precompiled user dll's ...
Registered in 0.000491 seconds.
Begin MonoManager ReloadAssembly
Native extension for WindowsStandalone target not found
Refreshing native plugins compatible for Editor in 0.18 ms, found 0 plugins.
Preloading 0 native plugins for Editor in 0.00 ms.
Mono: successfully reloaded assembly
- Completed reload, in  0.605 seconds
Platform modules already initialized, skipping
Refreshing native plugins compatible for Editor in 0.18 ms, found 0 plugins.
Preloading 0 native plugins for Editor in 0.00 ms.
Unloading 1118 Unused Serialized files (Serialized files now loaded: 0)
System memory in use before: 61.0 MB.
System memory in use after: 61.0 MB.

Unloading 5 unused Assets to reduce memory usage. Loaded Objects now: 1601.
Total: 1.233900 ms (FindLiveObjects: 0.123100 ms CreateObjectMapping: 0.024000 ms MarkObjects: 1.047200 ms  DeleteObjects: 0.038900 ms)

========================================================================
Received Import Request.
  Time since last request: 625.193504 seconds.
  path: Assets/Prefabs/First person controller/First person controller full.prefab
  artifactKey: Guid(11aaea5348574644a9eb4f4504fcce3f) Importer(815301076,1909f56bfc062723c751e8b465ee728b)
Start importing Assets/Prefabs/First person controller/First person controller full.prefab using Guid(11aaea5348574644a9eb4f4504fcce3f) Importer(815301076,1909f56bfc062723c751e8b465ee728b)  -> (artifact id: 'a8de1ba35f0f88ed24c8054a159a8f62') in 0.048176 seconds
  Import took 0.050007 seconds .

========================================================================
Received Import Request.
  Time since last request: 4.778471 seconds.
  path: Assets/Prefabs/First person controller/First person controller full.prefab
  artifactKey: Guid(11aaea5348574644a9eb4f4504fcce3f) Importer(815301076,1909f56bfc062723c751e8b465ee728b)
Start importing Assets/Prefabs/First person controller/First person controller full.prefab using Guid(11aaea5348574644a9eb4f4504fcce3f) Importer(815301076,1909f56bfc062723c751e8b465ee728b)  -> (artifact id: 'c54e576862180b6d89fe377a614aca86') in 0.015113 seconds
  Import took 0.017056 seconds .

========================================================================
Received Import Request.
  Time since last request: 0.582461 seconds.
  path: Assets/Prefabs/First person controller/First person controller full.prefab
  artifactKey: Guid(11aaea5348574644a9eb4f4504fcce3f) Importer(815301076,1909f56bfc062723c751e8b465ee728b)
Start importing Assets/Prefabs/First person controller/First person controller full.prefab using Guid(11aaea5348574644a9eb4f4504fcce3f) Importer(815301076,1909f56bfc062723c751e8b465ee728b)  -> (artifact id: '128b12cc8864551c2f0f0b77a3b65990') in 0.025409 seconds
  Import took 0.027293 seconds .

========================================================================
Received Import Request.
  Time since last request: 1.135584 seconds.
  path: Assets/Prefabs/First person controller/First person controller full.prefab
  artifactKey: Guid(11aaea5348574644a9eb4f4504fcce3f) Importer(815301076,1909f56bfc062723c751e8b465ee728b)
Start importing Assets/Prefabs/First person controller/First person controller full.prefab using Guid(11aaea5348574644a9eb4f4504fcce3f) Importer(815301076,1909f56bfc062723c751e8b465ee728b)  -> (artifact id: '2fa01b6903cdb252f2405af5a8ad1870') in 0.010659 seconds
  Import took 0.012684 seconds .

========================================================================
Received Prepare
Registering precompiled user dll's ...
Registered in 0.000535 seconds.
Begin MonoManager ReloadAssembly
Native extension for WindowsStandalone target not found
Refreshing native plugins compatible for Editor in 0.18 ms, found 0 plugins.
Preloading 0 native plugins for Editor in 0.00 ms.
Mono: successfully reloaded assembly
- Completed reload, in  0.626 seconds
Platform modules already initialized, skipping
Refreshing native plugins compatible for Editor in 0.19 ms, found 0 plugins.
Preloading 0 native plugins for Editor in 0.00 ms.
Unloading 1118 Unused Serialized files (Serialized files now loaded: 0)
System memory in use before: 61.0 MB.
System memory in use after: 61.1 MB.

Unloading 6 unused Assets to reduce memory usage. Loaded Objects now: 1605.
Total: 1.263100 ms (FindLiveObjects: 0.104200 ms CreateObjectMapping: 0.023800 ms MarkObjects: 1.092400 ms  DeleteObjects: 0.041800 ms)

========================================================================
Received Prepare
Registering precompiled user dll's ...
Registered in 0.000410 seconds.
Begin MonoManager ReloadAssembly
Native extension for WindowsStandalone target not found
Refreshing native plugins compatible for Editor in 0.18 ms, found 0 plugins.
Preloading 0 native plugins for Editor in 0.00 ms.
Mono: successfully reloaded assembly
- Completed reload, in  0.599 seconds
Platform modules already initialized, skipping
Refreshing native plugins compatible for Editor in 0.18 ms, found 0 plugins.
Preloading 0 native plugins for Editor in 0.00 ms.
Unloading 1118 Unused Serialized files (Serialized files now loaded: 0)
System memory in use before: 61.0 MB.
System memory in use after: 61.1 MB.

Unloading 5 unused Assets to reduce memory usage. Loaded Objects now: 1608.
Total: 1.258300 ms (FindLiveObjects: 0.098200 ms CreateObjectMapping: 0.024300 ms MarkObjects: 1.095900 ms  DeleteObjects: 0.039100 ms)

========================================================================
Received Import Request.
  Time since last request: 226.917420 seconds.
  path: Assets/Prefabs/Platform.prefab
  artifactKey: Guid(48c2c4908ad29e74a947f9ea6eb99c93) Importer(815301076,1909f56bfc062723c751e8b465ee728b)
Start importing Assets/Prefabs/Platform.prefab using Guid(48c2c4908ad29e74a947f9ea6eb99c93) Importer(815301076,1909f56bfc062723c751e8b465ee728b)  -> (artifact id: '72db6d1840c8f032c37488c788d0837d') in 0.045055 seconds
  Import took 0.046812 seconds .

========================================================================
Received Prepare
Registering precompiled user dll's ...
Registered in 0.000502 seconds.
Begin MonoManager ReloadAssembly
Native extension for WindowsStandalone target not found
Refreshing native plugins compatible for Editor in 0.18 ms, found 0 plugins.
Preloading 0 native plugins for Editor in 0.00 ms.
Mono: successfully reloaded assembly
- Completed reload, in  0.601 seconds
Platform modules already initialized, skipping
Refreshing native plugins compatible for Editor in 0.18 ms, found 0 plugins.
Preloading 0 native plugins for Editor in 0.00 ms.
Unloading 1118 Unused Serialized files (Serialized files now loaded: 0)
System memory in use before: 61.0 MB.
System memory in use after: 61.1 MB.

Unloading 6 unused Assets to reduce memory usage. Loaded Objects now: 1612.
Total: 1.333000 ms (FindLiveObjects: 0.134200 ms CreateObjectMapping: 0.032200 ms MarkObjects: 1.121800 ms  DeleteObjects: 0.044100 ms)

========================================================================
Received Prepare
Registering precompiled user dll's ...
Registered in 0.000661 seconds.
Begin MonoManager ReloadAssembly
Native extension for WindowsStandalone target not found
Refreshing native plugins compatible for Editor in 0.20 ms, found 0 plugins.
Preloading 0 native plugins for Editor in 0.00 ms.
Mono: successfully reloaded assembly
- Completed reload, in  0.638 seconds
Platform modules already initialized, skipping
Refreshing native plugins compatible for Editor in 0.19 ms, found 0 plugins.
Preloading 0 native plugins for Editor in 0.00 ms.
Unloading 1118 Unused Serialized files (Serialized files now loaded: 0)
System memory in use before: 61.0 MB.
System memory in use after: 61.1 MB.

Unloading 5 unused Assets to reduce memory usage. Loaded Objects now: 1615.
Total: 1.320900 ms (FindLiveObjects: 0.120600 ms CreateObjectMapping: 0.024500 ms MarkObjects: 1.133300 ms  DeleteObjects: 0.041600 ms)

========================================================================
Received Import Request.
  Time since last request: 53.061227 seconds.
  path: Assets/Prefabs/Platform.prefab
  artifactKey: Guid(48c2c4908ad29e74a947f9ea6eb99c93) Importer(815301076,1909f56bfc062723c751e8b465ee728b)
Start importing Assets/Prefabs/Platform.prefab using Guid(48c2c4908ad29e74a947f9ea6eb99c93) Importer(815301076,1909f56bfc062723c751e8b465ee728b)  -> (artifact id: '5f986f429c67d88452eeeaa04f5e45d0') in 0.045221 seconds
  Import took 0.046899 seconds .

========================================================================
Received Import Request.
  Time since last request: 4.857170 seconds.
  path: Assets/Prefabs/Platform.prefab
  artifactKey: Guid(48c2c4908ad29e74a947f9ea6eb99c93) Importer(815301076,1909f56bfc062723c751e8b465ee728b)
Start importing Assets/Prefabs/Platform.prefab using Guid(48c2c4908ad29e74a947f9ea6eb99c93) Importer(815301076,1909f56bfc062723c751e8b465ee728b)  -> (artifact id: 'd85d7be3dafd75d50766fc0d3d44a49d') in 0.011442 seconds
  Import took 0.013166 seconds .

========================================================================
Received Import Request.
  Time since last request: 0.001040 seconds.
  path: Assets/Prefabs/Platform.prefab
  artifactKey: Guid(48c2c4908ad29e74a947f9ea6eb99c93) Importer(815301076,1909f56bfc062723c751e8b465ee728b)
Start importing Assets/Prefabs/Platform.prefab using Guid(48c2c4908ad29e74a947f9ea6eb99c93) Importer(815301076,1909f56bfc062723c751e8b465ee728b)  -> (artifact id: 'd85d7be3dafd75d50766fc0d3d44a49d') in 0.012699 seconds
  Import took 0.014266 seconds .

========================================================================
Received Prepare
Registering precompiled user dll's ...
Registered in 0.000503 seconds.
Begin MonoManager ReloadAssembly
Native extension for WindowsStandalone target not found
Refreshing native plugins compatible for Editor in 0.24 ms, found 0 plugins.
Preloading 0 native plugins for Editor in 0.00 ms.
Mono: successfully reloaded assembly
- Completed reload, in  0.594 seconds
Platform modules already initialized, skipping
Refreshing native plugins compatible for Editor in 0.19 ms, found 0 plugins.
Preloading 0 native plugins for Editor in 0.00 ms.
Unloading 1118 Unused Serialized files (Serialized files now loaded: 0)
System memory in use before: 61.0 MB.
System memory in use after: 61.1 MB.

Unloading 6 unused Assets to reduce memory usage. Loaded Objects now: 1619.
Total: 1.457100 ms (FindLiveObjects: 0.103300 ms CreateObjectMapping: 0.023400 ms MarkObjects: 1.285400 ms  DeleteObjects: 0.044300 ms)

========================================================================
Received Import Request.
  Time since last request: 10.329336 seconds.
  path: Assets/Prefabs/Platform.prefab
  artifactKey: Guid(48c2c4908ad29e74a947f9ea6eb99c93) Importer(815301076,1909f56bfc062723c751e8b465ee728b)
Start importing Assets/Prefabs/Platform.prefab using Guid(48c2c4908ad29e74a947f9ea6eb99c93) Importer(815301076,1909f56bfc062723c751e8b465ee728b)  -> (artifact id: '6212117d7010f25f0ef09898b96155b4') in 0.042160 seconds
  Import took 0.043971 seconds .

========================================================================
Received Import Request.
  Time since last request: 1.327519 seconds.
  path: Assets/Prefabs/Platform.prefab
  artifactKey: Guid(48c2c4908ad29e74a947f9ea6eb99c93) Importer(815301076,1909f56bfc062723c751e8b465ee728b)
Start importing Assets/Prefabs/Platform.prefab using Guid(48c2c4908ad29e74a947f9ea6eb99c93) Importer(815301076,1909f56bfc062723c751e8b465ee728b)  -> (artifact id: '6212117d7010f25f0ef09898b96155b4') in 0.007158 seconds
  Import took 0.008790 seconds .

========================================================================
Received Prepare
Registering precompiled user dll's ...
Registered in 0.000491 seconds.
Begin MonoManager ReloadAssembly
Native extension for WindowsStandalone target not found
Refreshing native plugins compatible for Editor in 0.18 ms, found 0 plugins.
Preloading 0 native plugins for Editor in 0.00 ms.
Mono: successfully reloaded assembly
- Completed reload, in  0.588 seconds
Platform modules already initialized, skipping
Refreshing native plugins compatible for Editor in 0.18 ms, found 0 plugins.
Preloading 0 native plugins for Editor in 0.00 ms.
Unloading 1118 Unused Serialized files (Serialized files now loaded: 0)
System memory in use before: 61.0 MB.
System memory in use after: 61.1 MB.

Unloading 6 unused Assets to reduce memory usage. Loaded Objects now: 1623.
Total: 1.459800 ms (FindLiveObjects: 0.121100 ms CreateObjectMapping: 0.023800 ms MarkObjects: 1.271200 ms  DeleteObjects: 0.042500 ms)

========================================================================
Received Import Request.
  Time since last request: 33.438493 seconds.
  path: Assets/Prefabs/Platform.prefab
  artifactKey: Guid(48c2c4908ad29e74a947f9ea6eb99c93) Importer(815301076,1909f56bfc062723c751e8b465ee728b)
Start importing Assets/Prefabs/Platform.prefab using Guid(48c2c4908ad29e74a947f9ea6eb99c93) Importer(815301076,1909f56bfc062723c751e8b465ee728b)  -> (artifact id: 'ccba291cd00b42e1548a607adab8b049') in 0.043460 seconds
  Import took 0.045306 seconds .

========================================================================
Received Import Request.
  Time since last request: 12.817657 seconds.
  path: Assets/Prefabs/Platform.prefab
  artifactKey: Guid(48c2c4908ad29e74a947f9ea6eb99c93) Importer(815301076,1909f56bfc062723c751e8b465ee728b)
Start importing Assets/Prefabs/Platform.prefab using Guid(48c2c4908ad29e74a947f9ea6eb99c93) Importer(815301076,1909f56bfc062723c751e8b465ee728b)  -> (artifact id: 'b9d646e0f1cb2811fe968a42d3c86a4f') in 0.007288 seconds
  Import took 0.009053 seconds .

========================================================================
Received Import Request.
  Time since last request: 1.983023 seconds.
  path: Assets/Prefabs/Platform.prefab
  artifactKey: Guid(48c2c4908ad29e74a947f9ea6eb99c93) Importer(815301076,1909f56bfc062723c751e8b465ee728b)
Start importing Assets/Prefabs/Platform.prefab using Guid(48c2c4908ad29e74a947f9ea6eb99c93) Importer(815301076,1909f56bfc062723c751e8b465ee728b)  -> (artifact id: '829d373aad19c28f65c6f5191ea62cec') in 0.014792 seconds
  Import took 0.016526 seconds .

========================================================================
Received Import Request.
  Time since last request: 6.903161 seconds.
  path: Assets/Prefabs/Platform.prefab
  artifactKey: Guid(48c2c4908ad29e74a947f9ea6eb99c93) Importer(815301076,1909f56bfc062723c751e8b465ee728b)
Start importing Assets/Prefabs/Platform.prefab using Guid(48c2c4908ad29e74a947f9ea6eb99c93) Importer(815301076,1909f56bfc062723c751e8b465ee728b)  -> (artifact id: '436004a7abe3dd7455541f6c375a34f0') in 0.009019 seconds
  Import took 0.011108 seconds .

========================================================================
Received Import Request.
  Time since last request: 6.042383 seconds.
  path: Assets/Prefabs/Platform.prefab
  artifactKey: Guid(48c2c4908ad29e74a947f9ea6eb99c93) Importer(815301076,1909f56bfc062723c751e8b465ee728b)
Start importing Assets/Prefabs/Platform.prefab using Guid(48c2c4908ad29e74a947f9ea6eb99c93) Importer(815301076,1909f56bfc062723c751e8b465ee728b)  -> (artifact id: 'a17762c4c25a02fd34687396a231a2f6') in 0.012885 seconds
  Import took 0.014728 seconds .

========================================================================
Received Import Request.
  Time since last request: 3.194651 seconds.
  path: Assets/Prefabs/Platform.prefab
  artifactKey: Guid(48c2c4908ad29e74a947f9ea6eb99c93) Importer(815301076,1909f56bfc062723c751e8b465ee728b)
Start importing Assets/Prefabs/Platform.prefab using Guid(48c2c4908ad29e74a947f9ea6eb99c93) Importer(815301076,1909f56bfc062723c751e8b465ee728b)  -> (artifact id: '49ede606a7e012f6f77531633ead8072') in 0.006895 seconds
  Import took 0.009023 seconds .

========================================================================
Received Prepare
Registering precompiled user dll's ...
Registered in 0.000449 seconds.
Begin MonoManager ReloadAssembly
Native extension for WindowsStandalone target not found
Refreshing native plugins compatible for Editor in 0.19 ms, found 0 plugins.
Preloading 0 native plugins for Editor in 0.00 ms.
Mono: successfully reloaded assembly
- Completed reload, in  0.596 seconds
Platform modules already initialized, skipping
Refreshing native plugins compatible for Editor in 0.18 ms, found 0 plugins.
Preloading 0 native plugins for Editor in 0.00 ms.
Unloading 1118 Unused Serialized files (Serialized files now loaded: 0)
System memory in use before: 61.1 MB.
System memory in use after: 61.1 MB.

Unloading 6 unused Assets to reduce memory usage. Loaded Objects now: 1627.
Total: 1.504100 ms (FindLiveObjects: 0.128400 ms CreateObjectMapping: 0.025900 ms MarkObjects: 1.304500 ms  DeleteObjects: 0.044100 ms)

========================================================================
Received Import Request.
  Time since last request: 52.963488 seconds.
  path: Assets/Prefabs/Platform.prefab
  artifactKey: Guid(48c2c4908ad29e74a947f9ea6eb99c93) Importer(815301076,1909f56bfc062723c751e8b465ee728b)
Start importing Assets/Prefabs/Platform.prefab using Guid(48c2c4908ad29e74a947f9ea6eb99c93) Importer(815301076,1909f56bfc062723c751e8b465ee728b)  -> (artifact id: '8e2b5e026ca7b61b467d4823113611b9') in 0.044319 seconds
  Import took 0.046045 seconds .

========================================================================
Received Import Request.
  Time since last request: 3.925113 seconds.
  path: Assets/Prefabs/Platform.prefab
  artifactKey: Guid(48c2c4908ad29e74a947f9ea6eb99c93) Importer(815301076,1909f56bfc062723c751e8b465ee728b)
Start importing Assets/Prefabs/Platform.prefab using Guid(48c2c4908ad29e74a947f9ea6eb99c93) Importer(815301076,1909f56bfc062723c751e8b465ee728b)  -> (artifact id: 'cb3bdb0c1735b0d3b0b1e5dbd559a0af') in 0.008168 seconds
  Import took 0.009865 seconds .

========================================================================
Received Import Request.
  Time since last request: 13.445826 seconds.
  path: Assets/Prefabs/Platform.prefab
  artifactKey: Guid(48c2c4908ad29e74a947f9ea6eb99c93) Importer(815301076,1909f56bfc062723c751e8b465ee728b)
Start importing Assets/Prefabs/Platform.prefab using Guid(48c2c4908ad29e74a947f9ea6eb99c93) Importer(815301076,1909f56bfc062723c751e8b465ee728b)  -> (artifact id: 'f89404a383ef5059cbcf76645800ed28') in 0.015351 seconds
  Import took 0.017087 seconds .

========================================================================
Received Import Request.
  Time since last request: 18.731385 seconds.
  path: Assets/Prefabs/Platform.prefab
  artifactKey: Guid(48c2c4908ad29e74a947f9ea6eb99c93) Importer(815301076,1909f56bfc062723c751e8b465ee728b)
Start importing Assets/Prefabs/Platform.prefab using Guid(48c2c4908ad29e74a947f9ea6eb99c93) Importer(815301076,1909f56bfc062723c751e8b465ee728b)  -> (artifact id: '442ee413a44d001b3e285181187bc8a6') in 0.009525 seconds
  Import took 0.011334 seconds .

========================================================================
Received Import Request.
  Time since last request: 5.384112 seconds.
  path: Assets/Prefabs/Platform.prefab
  artifactKey: Guid(48c2c4908ad29e74a947f9ea6eb99c93) Importer(815301076,1909f56bfc062723c751e8b465ee728b)
Start importing Assets/Prefabs/Platform.prefab using Guid(48c2c4908ad29e74a947f9ea6eb99c93) Importer(815301076,1909f56bfc062723c751e8b465ee728b)  -> (artifact id: 'c94be410e5388385d21a9d31f2718e21') in 0.009884 seconds
  Import took 0.011681 seconds .

========================================================================
Received Import Request.
  Time since last request: 4.859221 seconds.
  path: Assets/Prefabs/Platform.prefab
  artifactKey: Guid(48c2c4908ad29e74a947f9ea6eb99c93) Importer(815301076,1909f56bfc062723c751e8b465ee728b)
Start importing Assets/Prefabs/Platform.prefab using Guid(48c2c4908ad29e74a947f9ea6eb99c93) Importer(815301076,1909f56bfc062723c751e8b465ee728b)  -> (artifact id: 'bdb699c97b57ed89c37d07d2baca29cd') in 0.011631 seconds
  Import took 0.013380 seconds .

========================================================================
Received Import Request.
  Time since last request: 10.847983 seconds.
  path: Assets/Prefabs/Platform.prefab
  artifactKey: Guid(48c2c4908ad29e74a947f9ea6eb99c93) Importer(815301076,1909f56bfc062723c751e8b465ee728b)
Start importing Assets/Prefabs/Platform.prefab using Guid(48c2c4908ad29e74a947f9ea6eb99c93) Importer(815301076,1909f56bfc062723c751e8b465ee728b)  -> (artifact id: 'e56bbeb64e9aa0f159ae9b1ea3e4a5e2') in 0.011603 seconds
  Import took 0.013368 seconds .

========================================================================
Received Import Request.
  Time since last request: 4.661764 seconds.
  path: Assets/Prefabs/Platform.prefab
  artifactKey: Guid(48c2c4908ad29e74a947f9ea6eb99c93) Importer(815301076,1909f56bfc062723c751e8b465ee728b)
Start importing Assets/Prefabs/Platform.prefab using Guid(48c2c4908ad29e74a947f9ea6eb99c93) Importer(815301076,1909f56bfc062723c751e8b465ee728b)  -> (artifact id: 'a4c3f8a10f3626503ae6cc7d1632de36') in 0.007006 seconds
  Import took 0.009253 seconds .

========================================================================
Received Import Request.
  Time since last request: 0.799122 seconds.
  path: Assets/Prefabs/Platform.prefab
  artifactKey: Guid(48c2c4908ad29e74a947f9ea6eb99c93) Importer(815301076,1909f56bfc062723c751e8b465ee728b)
Start importing Assets/Prefabs/Platform.prefab using Guid(48c2c4908ad29e74a947f9ea6eb99c93) Importer(815301076,1909f56bfc062723c751e8b465ee728b)  -> (artifact id: '360271c8c44c466600daa4f47b0f819b') in 0.011027 seconds
  Import took 0.012741 seconds .

========================================================================
Received Import Request.
  Time since last request: 0.997301 seconds.
  path: Assets/Prefabs/Platform.prefab
  artifactKey: Guid(48c2c4908ad29e74a947f9ea6eb99c93) Importer(815301076,1909f56bfc062723c751e8b465ee728b)
Start importing Assets/Prefabs/Platform.prefab using Guid(48c2c4908ad29e74a947f9ea6eb99c93) Importer(815301076,1909f56bfc062723c751e8b465ee728b)  -> (artifact id: '02198968fc8c76f63c951ab15f948087') in 0.010697 seconds
  Import took 0.012383 seconds .

========================================================================
Received Import Request.
  Time since last request: 3.407947 seconds.
  path: Assets/Prefabs/Platform.prefab
  artifactKey: Guid(48c2c4908ad29e74a947f9ea6eb99c93) Importer(815301076,1909f56bfc062723c751e8b465ee728b)
Start importing Assets/Prefabs/Platform.prefab using Guid(48c2c4908ad29e74a947f9ea6eb99c93) Importer(815301076,1909f56bfc062723c751e8b465ee728b)  -> (artifact id: '8bd7309b48ec4d33c37a4db8a3c9c21b') in 0.007654 seconds
  Import took 0.009398 seconds .

========================================================================
Received Import Request.
  Time since last request: 25.721306 seconds.
  path: Assets/Prefabs/Platform.prefab
  artifactKey: Guid(48c2c4908ad29e74a947f9ea6eb99c93) Importer(815301076,1909f56bfc062723c751e8b465ee728b)
Start importing Assets/Prefabs/Platform.prefab using Guid(48c2c4908ad29e74a947f9ea6eb99c93) Importer(815301076,1909f56bfc062723c751e8b465ee728b)  -> (artifact id: 'cb1d1438d11cf3e13fd2dcb6b40b569d') in 0.004286 seconds
  Import took 0.006048 seconds .

========================================================================
Received Import Request.
  Time since last request: 73.605989 seconds.
  path: Assets/Prefabs/Platform.prefab
  artifactKey: Guid(48c2c4908ad29e74a947f9ea6eb99c93) Importer(815301076,1909f56bfc062723c751e8b465ee728b)
Start importing Assets/Prefabs/Platform.prefab using Guid(48c2c4908ad29e74a947f9ea6eb99c93) Importer(815301076,1909f56bfc062723c751e8b465ee728b)  -> (artifact id: 'c81aa34a9b40c59d22353ec1f4ddb2eb') in 0.012901 seconds
  Import took 0.014748 seconds .

========================================================================
Received Import Request.
  Time since last request: 0.001965 seconds.
  path: Assets/Prefabs/Platform.prefab
  artifactKey: Guid(48c2c4908ad29e74a947f9ea6eb99c93) Importer(815301076,1909f56bfc062723c751e8b465ee728b)
Start importing Assets/Prefabs/Platform.prefab using Guid(48c2c4908ad29e74a947f9ea6eb99c93) Importer(815301076,1909f56bfc062723c751e8b465ee728b)  -> (artifact id: 'c81aa34a9b40c59d22353ec1f4ddb2eb') in 0.021993 seconds
  Import took 0.023724 seconds .

========================================================================
Received Prepare
Registering precompiled user dll's ...
Registered in 0.000501 seconds.
Begin MonoManager ReloadAssembly
Native extension for WindowsStandalone target not found
Refreshing native plugins compatible for Editor in 0.19 ms, found 0 plugins.
Preloading 0 native plugins for Editor in 0.00 ms.
Mono: successfully reloaded assembly
- Completed reload, in  0.589 seconds
Platform modules already initialized, skipping
Refreshing native plugins compatible for Editor in 0.18 ms, found 0 plugins.
Preloading 0 native plugins for Editor in 0.00 ms.
Unloading 1118 Unused Serialized files (Serialized files now loaded: 0)
System memory in use before: 61.1 MB.
System memory in use after: 61.1 MB.

Unloading 6 unused Assets to reduce memory usage. Loaded Objects now: 1631.
Total: 1.275800 ms (FindLiveObjects: 0.127200 ms CreateObjectMapping: 0.024100 ms MarkObjects: 1.080200 ms  DeleteObjects: 0.043300 ms)

========================================================================
Received Import Request.
  Time since last request: 44.793552 seconds.
  path: Assets/Scripts/Platform.cs
  artifactKey: Guid(ccab1e99fe7ab054994386be8edba6a8) Importer(815301076,1909f56bfc062723c751e8b465ee728b)
Start importing Assets/Scripts/Platform.cs using Guid(ccab1e99fe7ab054994386be8edba6a8) Importer(815301076,1909f56bfc062723c751e8b465ee728b)  -> (artifact id: '40ca028bdd706e13ae99bd201f3275a3') in 0.004569 seconds
  Import took 0.006263 seconds .

========================================================================
Received Prepare
Registering precompiled user dll's ...
Registered in 0.000596 seconds.
Begin MonoManager ReloadAssembly
Native extension for WindowsStandalone target not found
Refreshing native plugins compatible for Editor in 0.38 ms, found 0 plugins.
Preloading 0 native plugins for Editor in 0.00 ms.
Mono: successfully reloaded assembly
- Completed reload, in  0.652 seconds
Platform modules already initialized, skipping
Refreshing native plugins compatible for Editor in 0.18 ms, found 0 plugins.
Preloading 0 native plugins for Editor in 0.00 ms.
Unloading 1119 Unused Serialized files (Serialized files now loaded: 0)
System memory in use before: 61.1 MB.
System memory in use after: 61.2 MB.

Unloading 5 unused Assets to reduce memory usage. Loaded Objects now: 1635.
Total: 1.585500 ms (FindLiveObjects: 0.135900 ms CreateObjectMapping: 0.029300 ms MarkObjects: 1.382600 ms  DeleteObjects: 0.036700 ms)

========================================================================
Received Import Request.
  Time since last request: 9.897797 seconds.
  path: Assets/Prefabs/Platform.prefab
  artifactKey: Guid(48c2c4908ad29e74a947f9ea6eb99c93) Importer(815301076,1909f56bfc062723c751e8b465ee728b)
Start importing Assets/Prefabs/Platform.prefab using Guid(48c2c4908ad29e74a947f9ea6eb99c93) Importer(815301076,1909f56bfc062723c751e8b465ee728b)  -> (artifact id: 'e3fb983eb909f98b978fb17fc12f5d2d') in 0.042501 seconds
  Import took 0.044330 seconds .

========================================================================
Received Prepare
Registering precompiled user dll's ...
Registered in 0.000515 seconds.
Begin MonoManager ReloadAssembly
Native extension for WindowsStandalone target not found
Refreshing native plugins compatible for Editor in 0.20 ms, found 0 plugins.
Preloading 0 native plugins for Editor in 0.00 ms.
Mono: successfully reloaded assembly
- Completed reload, in  0.616 seconds
Platform modules already initialized, skipping
Refreshing native plugins compatible for Editor in 0.19 ms, found 0 plugins.
Preloading 0 native plugins for Editor in 0.00 ms.
Unloading 1119 Unused Serialized files (Serialized files now loaded: 0)
System memory in use before: 61.1 MB.
System memory in use after: 61.2 MB.

Unloading 6 unused Assets to reduce memory usage. Loaded Objects now: 1639.
Total: 1.351200 ms (FindLiveObjects: 0.128500 ms CreateObjectMapping: 0.024900 ms MarkObjects: 1.154600 ms  DeleteObjects: 0.042100 ms)

========================================================================
Received Prepare
Registering precompiled user dll's ...
Registered in 0.000523 seconds.
Begin MonoManager ReloadAssembly
Native extension for WindowsStandalone target not found
Refreshing native plugins compatible for Editor in 0.18 ms, found 0 plugins.
Preloading 0 native plugins for Editor in 0.00 ms.
Mono: successfully reloaded assembly
- Completed reload, in  0.598 seconds
Platform modules already initialized, skipping
Refreshing native plugins compatible for Editor in 0.19 ms, found 0 plugins.
Preloading 0 native plugins for Editor in 0.00 ms.
Unloading 1119 Unused Serialized files (Serialized files now loaded: 0)
System memory in use before: 61.1 MB.
System memory in use after: 61.2 MB.

Unloading 5 unused Assets to reduce memory usage. Loaded Objects now: 1642.
Total: 1.293000 ms (FindLiveObjects: 0.123800 ms CreateObjectMapping: 0.024000 ms MarkObjects: 1.101700 ms  DeleteObjects: 0.042800 ms)

========================================================================
Received Prepare
Registering precompiled user dll's ...
Registered in 0.000482 seconds.
Begin MonoManager ReloadAssembly
Native extension for WindowsStandalone target not found
Refreshing native plugins compatible for Editor in 0.20 ms, found 0 plugins.
Preloading 0 native plugins for Editor in 0.00 ms.
Mono: successfully reloaded assembly
- Completed reload, in  0.616 seconds
Platform modules already initialized, skipping
Refreshing native plugins compatible for Editor in 0.19 ms, found 0 plugins.
Preloading 0 native plugins for Editor in 0.00 ms.
Unloading 1119 Unused Serialized files (Serialized files now loaded: 0)
System memory in use before: 61.1 MB.
System memory in use after: 61.2 MB.

Unloading 5 unused Assets to reduce memory usage. Loaded Objects now: 1645.
Total: 1.301800 ms (FindLiveObjects: 0.129800 ms CreateObjectMapping: 0.023800 ms MarkObjects: 1.104800 ms  DeleteObjects: 0.042600 ms)

========================================================================
Received Prepare
Registering precompiled user dll's ...
Registered in 0.000508 seconds.
Begin MonoManager ReloadAssembly
Native extension for WindowsStandalone target not found
Refreshing native plugins compatible for Editor in 0.18 ms, found 0 plugins.
Preloading 0 native plugins for Editor in 0.00 ms.
Mono: successfully reloaded assembly
- Completed reload, in  0.627 seconds
Platform modules already initialized, skipping
Refreshing native plugins compatible for Editor in 0.19 ms, found 0 plugins.
Preloading 0 native plugins for Editor in 0.00 ms.
Unloading 1119 Unused Serialized files (Serialized files now loaded: 0)
System memory in use before: 61.1 MB.
System memory in use after: 61.2 MB.

Unloading 5 unused Assets to reduce memory usage. Loaded Objects now: 1648.
Total: 1.292200 ms (FindLiveObjects: 0.110000 ms CreateObjectMapping: 0.023500 ms MarkObjects: 1.113200 ms  DeleteObjects: 0.044700 ms)

========================================================================
Received Prepare
Registering precompiled user dll's ...
Registered in 0.000675 seconds.
Begin MonoManager ReloadAssembly
Native extension for WindowsStandalone target not found
Refreshing native plugins compatible for Editor in 0.21 ms, found 0 plugins.
Preloading 0 native plugins for Editor in 0.00 ms.
Mono: successfully reloaded assembly
- Completed reload, in  0.654 seconds
Platform modules already initialized, skipping
Refreshing native plugins compatible for Editor in 0.30 ms, found 0 plugins.
Preloading 0 native plugins for Editor in 0.00 ms.
Unloading 1119 Unused Serialized files (Serialized files now loaded: 0)
System memory in use before: 61.1 MB.
System memory in use after: 61.2 MB.

Unloading 5 unused Assets to reduce memory usage. Loaded Objects now: 1651.
Total: 1.489000 ms (FindLiveObjects: 0.133200 ms CreateObjectMapping: 0.025100 ms MarkObjects: 1.284900 ms  DeleteObjects: 0.044600 ms)

========================================================================
Received Prepare
Registering precompiled user dll's ...
Registered in 0.000462 seconds.
Begin MonoManager ReloadAssembly
Native extension for WindowsStandalone target not found
Refreshing native plugins compatible for Editor in 0.19 ms, found 0 plugins.
Preloading 0 native plugins for Editor in 0.00 ms.
Mono: successfully reloaded assembly
- Completed reload, in  0.601 seconds
Platform modules already initialized, skipping
Refreshing native plugins compatible for Editor in 0.19 ms, found 0 plugins.
Preloading 0 native plugins for Editor in 0.00 ms.
Unloading 1119 Unused Serialized files (Serialized files now loaded: 0)
System memory in use before: 61.1 MB.
System memory in use after: 61.2 MB.

Unloading 5 unused Assets to reduce memory usage. Loaded Objects now: 1654.
Total: 1.414000 ms (FindLiveObjects: 0.124700 ms CreateObjectMapping: 0.029100 ms MarkObjects: 1.221900 ms  DeleteObjects: 0.037300 ms)

